<?xml version="1.0" encoding="UTF-8"?>
<testng-results skipped="0" failed="0" total="1" passed="1">
  <reporter-output>
  </reporter-output>
  <suite name="Suite" duration-ms="27253" started-at="2018-04-10T02:25:16Z" finished-at="2018-04-10T02:25:43Z">
    <groups>
    </groups>
    <test name="Test" duration-ms="27253" started-at="2018-04-10T02:25:16Z" finished-at="2018-04-10T02:25:43Z">
      <class name="com.dassualts.biovia.testScripts.testcases.SerachFlight">
        <test-method status="PASS" signature="InitilizeLogs()[pri:0, instance:com.dassualts.biovia.testScripts.testcases.SerachFlight@7a92922]" name="InitilizeLogs" is-config="true" duration-ms="222" started-at="2018-04-10T07:55:16Z" finished-at="2018-04-10T07:55:16Z">
          <reporter-output>
          </reporter-output>
        </test-method> <!-- InitilizeLogs -->
        <test-method status="PASS" signature="openBrowser()[pri:0, instance:com.dassualts.biovia.testScripts.testcases.SerachFlight@7a92922]" name="openBrowser" is-config="true" duration-ms="16179" started-at="2018-04-10T07:55:16Z" finished-at="2018-04-10T07:55:32Z">
          <reporter-output>
          </reporter-output>
        </test-method> <!-- openBrowser -->
        <test-method status="PASS" signature="searchFlight()[pri:0, instance:com.dassualts.biovia.testScripts.testcases.SerachFlight@7a92922]" name="searchFlight" duration-ms="9400" started-at="2018-04-10T07:55:32Z" finished-at="2018-04-10T07:55:42Z">
          <reporter-output>
          </reporter-output>
        </test-method> <!-- searchFlight -->
        <test-method status="PASS" signature="tearDown()[pri:0, instance:com.dassualts.biovia.testScripts.testcases.SerachFlight@7a92922]" name="tearDown" is-config="true" duration-ms="1666" started-at="2018-04-10T07:55:42Z" finished-at="2018-04-10T07:55:43Z">
          <reporter-output>
          </reporter-output>
        </test-method> <!-- tearDown -->
      </class> <!-- com.dassualts.biovia.testScripts.testcases.SerachFlight -->
    </test> <!-- Test -->
  </suite> <!-- Suite -->
</testng-results>
